<?xml version="1.0" encoding="UTF-8"?>
<robot generator="Robot 3.2.2 (Python 3.9.0 on win32)" generated="20201105 11:35:46.237" rpa="false">
<suite id="s1" name="AppiumMiniProject" source="D:\Selenium\RobotWorkplace\AppiumMiniProject">
<suite id="s1-s1" name="Tests" source="D:\Selenium\RobotWorkplace\AppiumMiniProject\Tests">
<suite id="s1-s1-s1" name="PaytmMall" source="D:\Selenium\RobotWorkplace\AppiumMiniProject\Tests\PaytmMall.robot">
<test id="s1-s1-s1-t1" name="Tc_5_Swipe to latest deal">
<kw name="Open Native Application" library="CommonFunctionality">
<kw name="Open Application" library="AppiumLibrary">
<doc>Opens a new application to given Appium server.
Capabilities of appium server, Android and iOS,
Please check https://github.com/appium/appium/blob/master/docs/en/writing-running-appium/server-args.md
| *Option*            | *Man.* | *Description*     |
| remote_url          | Yes    | Appium server url |
| alias               | no     | alias             |</doc>
<arguments>
<arg>remote_url=http://localhost:4723/wd/hub</arg>
<arg>platformName=android</arg>
<arg>DeviceName=emulator</arg>
<arg>appPackage=com.paytmmall</arg>
<arg>appActivity=com.paytmmall.MainActivity</arg>
<arg>noReset=true</arg>
</arguments>
<status status="PASS" starttime="20201105 11:35:46.468" endtime="20201105 11:35:57.454"></status>
</kw>
<kw name="Set Appium Timeout" library="AppiumLibrary">
<doc>Sets the timeout in seconds used by various keywords.</doc>
<arguments>
<arg>45s</arg>
</arguments>
<status status="PASS" starttime="20201105 11:35:57.454" endtime="20201105 11:35:57.455"></status>
</kw>
<status status="PASS" starttime="20201105 11:35:46.467" endtime="20201105 11:35:57.455"></status>
</kw>
<kw name="Sleep" library="BuiltIn">
<doc>Pauses the test executed for the given time.</doc>
<arguments>
<arg>5s</arg>
</arguments>
<msg timestamp="20201105 11:36:02.456" level="INFO">Slept 5 seconds</msg>
<status status="PASS" starttime="20201105 11:35:57.455" endtime="20201105 11:36:02.456"></status>
</kw>
<kw name="Wait Until Element Is Visible" library="AppiumLibrary">
<doc>Waits until element specified with `locator` is visible.</doc>
<arguments>
<arg>//*[@resource-id="com.paytmmall:id/rl_root"][5]</arg>
</arguments>
<status status="PASS" starttime="20201105 11:36:02.456" endtime="20201105 11:36:04.007"></status>
</kw>
<kw name="Sleep" library="BuiltIn">
<doc>Pauses the test executed for the given time.</doc>
<arguments>
<arg>5s</arg>
</arguments>
<msg timestamp="20201105 11:36:09.008" level="INFO">Slept 5 seconds</msg>
<status status="PASS" starttime="20201105 11:36:04.007" endtime="20201105 11:36:09.009"></status>
</kw>
<kw name="Swipe By Percent" library="AppiumLibrary">
<doc>Swipe from one percent of the screen to another percent, for an optional duration.
Normal swipe fails to scale for different screen resolutions, this can be avoided using percent.</doc>
<arguments>
<arg>50</arg>
<arg>75</arg>
<arg>50</arg>
<arg>25</arg>
<arg>1000</arg>
</arguments>
<status status="PASS" starttime="20201105 11:36:09.010" endtime="20201105 11:36:10.477"></status>
</kw>
<kw name="Wait Until Element Is Visible" library="AppiumLibrary">
<doc>Waits until element specified with `locator` is visible.</doc>
<arguments>
<arg>//*[contains(@text,'View All')]</arg>
</arguments>
<status status="PASS" starttime="20201105 11:36:10.478" endtime="20201105 11:36:11.712"></status>
</kw>
<kw name="Click Element" library="AppiumLibrary">
<doc>Click element identified by `locator`.</doc>
<arguments>
<arg>//*[contains(@text,'View All')]</arg>
</arguments>
<msg timestamp="20201105 11:36:11.714" level="INFO">Clicking element '//*[contains(@text,'View All')]'.</msg>
<status status="PASS" starttime="20201105 11:36:11.712" endtime="20201105 11:36:12.277"></status>
</kw>
<kw name="Sleep" library="BuiltIn">
<doc>Pauses the test executed for the given time.</doc>
<arguments>
<arg>10s</arg>
</arguments>
<msg timestamp="20201105 11:36:22.278" level="INFO">Slept 10 seconds</msg>
<status status="PASS" starttime="20201105 11:36:12.277" endtime="20201105 11:36:22.278"></status>
</kw>
<kw name="For Close App" library="CommonFunctionality">
<kw name="Close Application" library="AppiumLibrary">
<doc>Closes the current application and also close webdriver session.</doc>
<status status="PASS" starttime="20201105 11:36:22.279" endtime="20201105 11:36:23.050"></status>
</kw>
<status status="PASS" starttime="20201105 11:36:22.278" endtime="20201105 11:36:23.050"></status>
</kw>
<status status="PASS" starttime="20201105 11:35:46.467" endtime="20201105 11:36:23.050" critical="yes"></status>
</test>
<status status="PASS" starttime="20201105 11:35:46.290" endtime="20201105 11:36:23.051"></status>
</suite>
<status status="PASS" starttime="20201105 11:35:46.288" endtime="20201105 11:36:23.052"></status>
</suite>
<status status="PASS" starttime="20201105 11:35:46.269" endtime="20201105 11:36:23.053"></status>
</suite>
<statistics>
<total>
<stat pass="1" fail="0">Critical Tests</stat>
<stat pass="1" fail="0">All Tests</stat>
</total>
<tag>
</tag>
<suite>
<stat pass="1" fail="0" id="s1" name="AppiumMiniProject">AppiumMiniProject</stat>
<stat pass="1" fail="0" id="s1-s1" name="Tests">AppiumMiniProject.Tests</stat>
<stat pass="1" fail="0" id="s1-s1-s1" name="PaytmMall">AppiumMiniProject.Tests.PaytmMall</stat>
</suite>
</statistics>
<errors>
</errors>
</robot>
